1651087135397	geckodriver	INFO	Listening on 127.0.0.1:55079
1651087138406	mozrunner::runner	INFO	Running command: "C:\\Program Files\\Mozilla Firefox\\firefox.exe" "--marionette" "--remote-debugging-port" "55080" "--remote-allow-hosts" "localhost" "-no-remote" "-profile" "C:\\Users\\tombf\\AppData\\Local\\Temp\\rust_mozprofileUBOnnV"
1651087139066	Marionette	INFO	Marionette enabled
console.warn: SearchSettings: "get: No settings file exists, new profile?" (new NotFoundError("Could not open the file at C:\\Users\\tombf\\AppData\\Local\\Temp\\rust_mozprofileUBOnnV\\search.json.mozlz4", (void 0)))
DevTools listening on ws://localhost:55080/devtools/browser/fb279948-c961-497a-8650-0c2058f0a8b7
1651087141806	Marionette	INFO	Listening on port 55106
Read port: 55106
1651087141866	RemoteAgent	WARN	TLS certificate errors will be ignored for this session
JavaScript warning: https://cdn.jsdelivr.net/npm/css3-mediaqueries-js@1.0.0/css3-mediaqueries.js, line 474: unreachable code after return statement
1651087143848	Marionette	INFO	Stopped listening on port 55106
1651087158915	geckodriver	INFO	Listening on 127.0.0.1:55143
1651087161919	mozrunner::runner	INFO	Running command: "C:\\Program Files\\Mozilla Firefox\\firefox.exe" "--marionette" "--remote-debugging-port" "55144" "--remote-allow-hosts" "localhost" "-no-remote" "-profile" "C:\\Users\\tombf\\AppData\\Local\\Temp\\rust_mozprofiley6S5Qq"
1651087162267	Marionette	INFO	Marionette enabled
console.warn: SearchSettings: "get: No settings file exists, new profile?" (new NotFoundError("Could not open the file at C:\\Users\\tombf\\AppData\\Local\\Temp\\rust_mozprofiley6S5Qq\\search.json.mozlz4", (void 0)))
DevTools listening on ws://localhost:55144/devtools/browser/5d3839ac-9609-4727-85e2-778f2c83bfd9
1651087164687	Marionette	INFO	Listening on port 55169
Read port: 55169
1651087164799	RemoteAgent	WARN	TLS certificate errors will be ignored for this session
JavaScript warning: https://cdn.jsdelivr.net/npm/css3-mediaqueries-js@1.0.0/css3-mediaqueries.js, line 474: unreachable code after return statement
1651087165965	Marionette	INFO	Stopped listening on port 55169
1651087180854	geckodriver	INFO	Listening on 127.0.0.1:55212
1651087183872	mozrunner::runner	INFO	Running command: "C:\\Program Files\\Mozilla Firefox\\firefox.exe" "--marionette" "--remote-debugging-port" "55213" "--remote-allow-hosts" "localhost" "-no-remote" "-profile" "C:\\Users\\tombf\\AppData\\Local\\Temp\\rust_mozprofileCSzq5F"
1651087184298	Marionette	INFO	Marionette enabled
console.warn: SearchSettings: "get: No settings file exists, new profile?" (new NotFoundError("Could not open the file at C:\\Users\\tombf\\AppData\\Local\\Temp\\rust_mozprofileCSzq5F\\search.json.mozlz4", (void 0)))
DevTools listening on ws://localhost:55213/devtools/browser/695afa8d-c8c2-474e-9171-a1a0062f8c53
1651087186914	Marionette	INFO	Listening on port 55236
Read port: 55236
1651087187026	RemoteAgent	WARN	TLS certificate errors will be ignored for this session
JavaScript warning: https://cdn.jsdelivr.net/npm/css3-mediaqueries-js@1.0.0/css3-mediaqueries.js, line 474: unreachable code after return statement
1651087253009	Marionette	INFO	Stopped listening on port 55236
console.warn: TopSitesFeed: Failed to fetch data from Contile server: NetworkError when attempting to fetch resource.
